2019-05-07 10:03:45,776 [Thread-2:139701710968576] [django.server:124] [basehttp:log_message] [INFO]- "GET /api/v1/index_app1/ HTTP/1.1" 200 171
2019-05-07 10:09:38,384 [Thread-3:139701710968576] [django.server:124] [basehttp:log_message] [INFO]- "GET /api/v1/index_app1/ HTTP/1.1" 200 171
2019-05-07 10:22:56,352 [Thread-2:140688481453824] [django.server:124] [basehttp:log_message] [INFO]- "GET /api/v1/index_app1/ HTTP/1.1" 200 171
2019-05-07 16:19:44,910 [Thread-2:139898550494976] [django.server:124] [basehttp:log_message] [INFO]- "GET / HTTP/1.1" 200 168
2019-05-07 16:19:45,040 [Thread-3:139898550494976] [django.server:124] [basehttp:log_message] [WARNING]- "GET /favicon.ico HTTP/1.1" 404 2396
2019-05-07 16:19:50,881 [Thread-4:139898550494976] [django.server:124] [basehttp:log_message] [INFO]- "GET /docs HTTP/1.1" 301 0
2019-05-07 16:19:50,904 [Thread-5:139898550494976] [django.server:124] [basehttp:log_message] [WARNING]- "GET /docs/ HTTP/1.1" 404 1867
2019-05-07 16:19:50,926 [Thread-6:139898550494976] [django.server:124] [basehttp:log_message] [INFO]- "GET /static/rest_framework/js/jquery-3.3.1.min.js HTTP/1.1" 200 86927
2019-05-07 16:20:39,125 [Thread-7:139898550494976] [django.server:124] [basehttp:log_message] [WARNING]- "GET /docs/ HTTP/1.1" 404 1867
2019-05-07 16:25:28,833 [Thread-2:139858788108032] [django.server:124] [basehttp:log_message] [WARNING]- "GET /docs/ HTTP/1.1" 404 1867
2019-05-07 16:25:30,876 [Thread-3:139858788108032] [django.server:124] [basehttp:log_message] [WARNING]- "GET /docs/ HTTP/1.1" 404 1867
2019-05-07 16:25:32,331 [Thread-4:139858788108032] [django.server:124] [basehttp:log_message] [WARNING]- "GET /docs/ HTTP/1.1" 404 1867
2019-05-07 16:25:35,565 [Thread-5:139858788108032] [django.server:124] [basehttp:log_message] [INFO]- "GET / HTTP/1.1" 200 168
2019-05-07 16:26:47,080 [Thread-2:140007794480896] [django.server:124] [basehttp:log_message] [INFO]- "GET / HTTP/1.1" 200 168
2019-05-07 16:26:53,252 [Thread-3:140007794480896] [django.server:124] [basehttp:log_message] [WARNING]- "GET /docs/ HTTP/1.1" 404 1867
2019-05-07 16:30:27,455 [Thread-1:139774050506496] [django.server:124] [basehttp:log_message] [WARNING]- "GET /docs/ HTTP/1.1" 404 524
2019-05-07 16:31:23,953 [Thread-1:140004013299456] [django.server:124] [basehttp:log_message] [ERROR]- "GET /v1/docs/ HTTP/1.1" 500 27
2019-05-07 17:00:38,378 [Thread-1:140551685547776] [django.server:124] [basehttp:log_message] [INFO]- "GET / HTTP/1.1" 200 168
2019-05-07 17:00:42,676 [Thread-3:140551685547776] [django.server:124] [basehttp:log_message] [WARNING]- "GET /docs/ HTTP/1.1" 404 524
2019-05-07 17:04:00,336 [Thread-1:140609674438400] [django.server:124] [basehttp:log_message] [INFO]- "GET / HTTP/1.1" 200 168
2019-05-07 17:04:05,061 [Thread-3:140609674438400] [django.server:124] [basehttp:log_message] [WARNING]- "GET /docs/ HTTP/1.1" 404 524
2019-05-07 17:04:31,537 [Thread-2:139837484750592] [django.server:124] [basehttp:log_message] [INFO]- "GET / HTTP/1.1" 200 168
2019-05-07 17:04:39,806 [Thread-4:139837484750592] [django.server:124] [basehttp:log_message] [WARNING]- "GET /docs/ HTTP/1.1" 404 1867
2019-05-07 17:06:53,125 [Thread-2:140618673522432] [django.server:124] [basehttp:log_message] [INFO]- "GET /docs/ HTTP/1.1" 200 181896
2019-05-07 17:06:53,142 [Thread-4:140618662770432] [django.server:124] [basehttp:log_message] [INFO]- "GET /static/rest_framework/css/bootstrap-theme.min.css HTTP/1.1" 200 124939
2019-05-07 17:06:53,142 [Thread-3:140618673522432] [django.server:124] [basehttp:log_message] [INFO]- "GET /static/rest_framework/css/bootstrap.min.css HTTP/1.1" 200 121200
2019-05-07 17:06:53,145 [Thread-5:140618654377728] [django.server:124] [basehttp:log_message] [INFO]- "GET /static/rest_framework/css/font-awesome-4.0.3.css HTTP/1.1" 200 21658
2019-05-07 17:06:53,146 [Thread-6:140618673522432] [django.server:124] [basehttp:log_message] [INFO]- "GET /static/rest_framework/docs/css/base.css HTTP/1.1" 200 5994
2019-05-07 17:06:53,147 [Thread-7:140618662770432] [django.server:124] [basehttp:log_message] [INFO]- "GET /static/rest_framework/js/coreapi-0.1.1.js HTTP/1.1" 200 157600
2019-05-07 17:06:53,153 [Thread-8:140618662770432] [django.server:124] [basehttp:log_message] [INFO]- "GET /static/rest_framework/docs/css/jquery.json-view.min.css HTTP/1.1" 200 1307
2019-05-07 17:06:53,164 [Thread-9:140618662770432] [django.server:124] [basehttp:log_message] [INFO]- "GET /docs/schema.js HTTP/1.1" 200 9424
2019-05-07 17:06:53,164 [Thread-10:140618654377728] [django.server:124] [basehttp:log_message] [INFO]- "GET /static/rest_framework/js/bootstrap.min.js HTTP/1.1" 200 37045
2019-05-07 17:06:53,166 [Thread-11:140618654377728] [django.server:124] [basehttp:log_message] [INFO]- "GET /static/rest_framework/docs/js/jquery.json-view.min.js HTTP/1.1" 200 2700
2019-05-07 17:06:53,167 [Thread-12:140618654377728] [django.server:124] [basehttp:log_message] [INFO]- "GET /static/rest_framework/docs/js/api.js HTTP/1.1" 200 10539
2019-05-07 17:06:53,599 [Thread-13:140618654377728] [django.server:124] [basehttp:log_message] [INFO]- "GET /static/rest_framework/fonts/fontawesome-webfont.woff?v=4.0.3 HTTP/1.1" 200 44432
2019-05-07 17:06:53,808 [Thread-14:140618654377728] [django.server:124] [basehttp:log_message] [INFO]- "GET /static/rest_framework/docs/img/favicon.ico HTTP/1.1" 200 5430
2019-05-07 18:03:19,691 [Thread-16:140618654377728] [django.server:124] [basehttp:log_message] [INFO]- "GET / HTTP/1.1" 200 168
2019-05-07 18:04:09,745 [Thread-18:140618654377728] [django.server:124] [basehttp:log_message] [INFO]- "GET /api/v1/modelviewset HTTP/1.1" 301 0
2019-05-07 18:04:09,807 [Thread-19:140618654377728] [django.server:124] [basehttp:log_message] [INFO]- "GET /api/v1/modelviewset/ HTTP/1.1" 200 14120
2019-05-07 18:04:09,831 [Thread-20:140618654377728] [django.server:124] [basehttp:log_message] [INFO]- "GET /static/rest_framework/css/bootstrap-tweaks.css HTTP/1.1" 200 3385
2019-05-07 18:04:09,834 [Thread-21:140618654377728] [django.server:124] [basehttp:log_message] [INFO]- "GET /static/rest_framework/css/prettify.css HTTP/1.1" 200 817
2019-05-07 18:04:09,838 [Thread-22:140618654377728] [django.server:124] [basehttp:log_message] [INFO]- "GET /static/rest_framework/css/default.css HTTP/1.1" 200 1131
2019-05-07 18:04:09,849 [Thread-24:140618673522432] [django.server:124] [basehttp:log_message] [INFO]- "GET /static/rest_framework/js/csrf.js HTTP/1.1" 200 1735
2019-05-07 18:04:09,850 [Thread-23:140618662770432] [django.server:124] [basehttp:log_message] [INFO]- "GET /static/rest_framework/js/ajax-form.js HTTP/1.1" 200 3597
2019-05-07 18:04:09,855 [Thread-25:140618437228288] [django.server:124] [basehttp:log_message] [INFO]- "GET /static/rest_framework/js/prettify-min.js HTTP/1.1" 200 13632
2019-05-07 18:04:09,855 [Thread-26:140618654377728] [django.server:124] [basehttp:log_message] [INFO]- "GET /static/rest_framework/css/bootstrap.min.css HTTP/1.1" 304 0
2019-05-07 18:04:09,859 [Thread-27:140618428835584] [django.server:124] [basehttp:log_message] [INFO]- "GET /static/rest_framework/js/default.js HTTP/1.1" 200 1268
2019-05-07 18:04:09,865 [Thread-28:140618420442880] [django.server:124] [basehttp:log_message] [INFO]- "GET /static/rest_framework/js/bootstrap.min.js HTTP/1.1" 200 37045
2019-05-07 18:04:09,866 [Thread-29:140618428835584] [django.server:124] [basehttp:log_message] [INFO]- "GET /static/rest_framework/img/grid.png HTTP/1.1" 200 1458
2019-05-07 18:04:24,126 [Thread-30:140618420442880] [django.server:124] [basehttp:log_message] [INFO]- "GET /api/v1/modelviewset/1 HTTP/1.1" 301 0
2019-05-07 18:04:24,151 [Thread-31:140618420442880] [django.server:124] [basehttp:log_message] [INFO]- "GET /api/v1/modelviewset/1/ HTTP/1.1" 200 14142
2019-05-07 18:04:24,179 [Thread-33:140618428835584] [django.server:124] [basehttp:log_message] [INFO]- "GET /static/rest_framework/js/bootstrap.min.js HTTP/1.1" 304 0
2019-05-08 16:52:13,177 [Thread-1:140350047835904] [django.server:124] [basehttp:log_message] [INFO]- "GET / HTTP/1.1" 200 168
2019-05-08 16:52:22,789 [Thread-4:140350047835904] [django.server:124] [basehttp:log_message] [INFO]- "GET / HTTP/1.1" 200 168
2019-05-08 16:54:13,237 [Thread-1:140228123088640] [django.server:124] [basehttp:log_message] [INFO]- "GET / HTTP/1.1" 200 168
2019-05-08 18:37:23,960 [Thread-1:140370400696064] [django.server:124] [basehttp:log_message] [INFO]- "GET /admin/ HTTP/1.1" 302 0
2019-05-08 18:37:24,041 [Thread-3:140370400696064] [django.server:124] [basehttp:log_message] [INFO]- "GET /admin/login/?next=/admin/ HTTP/1.1" 200 1821
2019-05-08 18:37:24,222 [Thread-4:140370400696064] [django.server:124] [basehttp:log_message] [WARNING]- "GET /static/admin/css/base.css HTTP/1.1" 404 99
2019-05-08 18:37:24,224 [Thread-6:140370383386368] [django.server:124] [basehttp:log_message] [WARNING]- "GET /static/admin/css/responsive.css HTTP/1.1" 404 105
2019-05-08 18:37:24,226 [Thread-5:140370391779072] [django.server:124] [basehttp:log_message] [WARNING]- "GET /static/admin/css/login.css HTTP/1.1" 404 100
2019-05-08 18:37:32,780 [Thread-7:140370391779072] [django.server:124] [basehttp:log_message] [INFO]- "POST /admin/login/?next=/admin/ HTTP/1.1" 200 1959
2019-05-08 18:37:32,862 [Thread-8:140370391779072] [django.server:124] [basehttp:log_message] [WARNING]- "GET /static/admin/css/base.css HTTP/1.1" 404 99
2019-05-08 18:37:32,868 [Thread-10:140370400696064] [django.server:124] [basehttp:log_message] [WARNING]- "GET /static/admin/css/login.css HTTP/1.1" 404 100
2019-05-08 18:37:32,869 [Thread-9:140370391779072] [django.server:124] [basehttp:log_message] [WARNING]- "GET /static/admin/css/responsive.css HTTP/1.1" 404 105
2019-05-08 18:37:38,572 [Thread-11:140370400696064] [django.server:124] [basehttp:log_message] [INFO]- "POST /admin/login/?next=/admin/ HTTP/1.1" 302 0
2019-05-08 18:37:38,850 [Thread-12:140370400696064] [django.server:124] [basehttp:log_message] [INFO]- "GET /admin/ HTTP/1.1" 200 6100
2019-05-08 18:37:38,940 [Thread-13:140370400696064] [django.server:124] [basehttp:log_message] [WARNING]- "GET /static/admin/css/responsive.css HTTP/1.1" 404 105
2019-05-08 18:37:38,942 [Thread-14:140370391779072] [django.server:124] [basehttp:log_message] [WARNING]- "GET /static/admin/css/base.css HTTP/1.1" 404 99
2019-05-08 18:37:38,945 [Thread-15:140370383386368] [django.server:124] [basehttp:log_message] [WARNING]- "GET /static/admin/css/dashboard.css HTTP/1.1" 404 104
2019-05-08 18:37:43,457 [Thread-16:140370383386368] [django.server:124] [basehttp:log_message] [INFO]- "GET /admin/djcelery/intervalschedule/ HTTP/1.1" 200 4449
2019-05-08 18:37:43,486 [Thread-17:140370383386368] [django.server:124] [basehttp:log_message] [WARNING]- "GET /static/admin/css/base.css HTTP/1.1" 404 99
2019-05-08 18:37:43,487 [Thread-18:140370391779072] [django.server:124] [basehttp:log_message] [WARNING]- "GET /static/admin/js/prepopulate.min.js HTTP/1.1" 404 108
2019-05-08 18:37:43,490 [Thread-19:140370400696064] [django.server:124] [basehttp:log_message] [WARNING]- "GET /static/admin/js/actions.min.js HTTP/1.1" 404 104
2019-05-08 18:37:43,493 [Thread-20:140370391779072] [django.server:124] [basehttp:log_message] [WARNING]- "GET /static/admin/js/vendor/jquery/jquery.min.js HTTP/1.1" 404 117
2019-05-08 18:37:43,495 [Thread-21:140370383386368] [django.server:124] [basehttp:log_message] [WARNING]- "GET /static/admin/js/vendor/xregexp/xregexp.min.js HTTP/1.1" 404 119
2019-05-08 18:37:43,495 [Thread-22:140370374207232] [django.server:124] [basehttp:log_message] [WARNING]- "GET /static/admin/css/responsive.css HTTP/1.1" 404 105
2019-05-08 18:37:43,503 [Thread-23:140370365814528] [django.server:124] [basehttp:log_message] [WARNING]- "GET /static/admin/css/changelists.css HTTP/1.1" 404 106
2019-05-08 18:37:43,509 [Thread-24:140370374207232] [django.server:124] [basehttp:log_message] [WARNING]- "GET /static/admin/js/jquery.init.js HTTP/1.1" 404 104
2019-05-08 18:37:43,603 [Thread-25:140370374207232] [django.server:124] [basehttp:log_message] [INFO]- "GET /admin/jsi18n/ HTTP/1.1" 200 7684
2019-05-08 18:37:43,628 [Thread-26:140370374207232] [django.server:124] [basehttp:log_message] [WARNING]- "GET /static/admin/js/vendor/jquery/jquery.min.js HTTP/1.1" 404 117
2019-05-08 18:37:43,634 [Thread-27:140370365814528] [django.server:124] [basehttp:log_message] [WARNING]- "GET /static/admin/js/core.js HTTP/1.1" 404 97
2019-05-08 18:37:43,637 [Thread-28:140370383386368] [django.server:124] [basehttp:log_message] [WARNING]- "GET /static/admin/js/admin/RelatedObjectLookups.js HTTP/1.1" 404 119
2019-05-08 18:37:43,642 [Thread-29:140370383386368] [django.server:124] [basehttp:log_message] [WARNING]- "GET /static/admin/js/urlify.js HTTP/1.1" 404 99
2019-05-08 18:37:43,642 [Thread-30:140370365814528] [django.server:124] [basehttp:log_message] [WARNING]- "GET /static/admin/js/jquery.init.js HTTP/1.1" 404 104
2019-05-08 18:37:43,649 [Thread-31:140370365814528] [django.server:124] [basehttp:log_message] [WARNING]- "GET /static/admin/js/core.js HTTP/1.1" 404 97
2019-05-08 18:37:43,652 [Thread-32:140370365814528] [django.server:124] [basehttp:log_message] [WARNING]- "GET /static/admin/js/admin/RelatedObjectLookups.js HTTP/1.1" 404 119
2019-05-08 18:37:43,657 [Thread-33:140370365814528] [django.server:124] [basehttp:log_message] [WARNING]- "GET /static/admin/js/actions.min.js HTTP/1.1" 404 104
2019-05-08 18:37:43,666 [Thread-34:140370365814528] [django.server:124] [basehttp:log_message] [WARNING]- "GET /static/admin/js/urlify.js HTTP/1.1" 404 99
2019-05-08 18:37:43,670 [Thread-35:140370365814528] [django.server:124] [basehttp:log_message] [WARNING]- "GET /static/admin/js/prepopulate.min.js HTTP/1.1" 404 108
2019-05-08 18:37:43,673 [Thread-36:140370365814528] [django.server:124] [basehttp:log_message] [WARNING]- "GET /static/admin/js/vendor/xregexp/xregexp.min.js HTTP/1.1" 404 119
2019-05-08 18:37:43,680 [Thread-37:140370365814528] [django.server:124] [basehttp:log_message] [WARNING]- "GET /static/admin/css/responsive.css HTTP/1.1" 404 105
2019-05-08 18:37:55,202 [Thread-39:140370365814528] [django.server:124] [basehttp:log_message] [INFO]- "GET /admin/djcelery/ HTTP/1.1" 200 4305
2019-05-08 18:37:55,216 [Thread-40:140370365814528] [django.server:124] [basehttp:log_message] [WARNING]- "GET /static/admin/css/base.css HTTP/1.1" 404 99
2019-05-08 18:37:55,223 [Thread-42:140370383386368] [django.server:124] [basehttp:log_message] [WARNING]- "GET /static/admin/css/dashboard.css HTTP/1.1" 404 104
2019-05-08 18:37:55,223 [Thread-41:140370365814528] [django.server:124] [basehttp:log_message] [WARNING]- "GET /static/admin/css/responsive.css HTTP/1.1" 404 105
2019-05-08 18:37:56,907 [Thread-43:140370365814528] [django.server:124] [basehttp:log_message] [INFO]- "GET /admin/djcelery/periodictask/ HTTP/1.1" 200 6680
2019-05-08 18:37:56,944 [Thread-44:140370365814528] [django.server:124] [basehttp:log_message] [WARNING]- "GET /static/admin/css/base.css HTTP/1.1" 404 99
2019-05-08 18:37:56,948 [Thread-45:140370365814528] [django.server:124] [basehttp:log_message] [WARNING]- "GET /static/admin/css/changelists.css HTTP/1.1" 404 106
2019-05-08 18:37:56,959 [Thread-47:140370365814528] [django.server:124] [basehttp:log_message] [WARNING]- "GET /static/admin/js/vendor/jquery/jquery.min.js HTTP/1.1" 404 117
2019-05-08 18:37:56,963 [Thread-48:140370374207232] [django.server:124] [basehttp:log_message] [WARNING]- "GET /static/admin/js/jquery.init.js HTTP/1.1" 404 104
2019-05-08 18:37:56,974 [Thread-49:140370391779072] [django.server:124] [basehttp:log_message] [WARNING]- "GET /static/admin/js/core.js HTTP/1.1" 404 97
2019-05-08 18:37:56,980 [Thread-50:140370365814528] [django.server:124] [basehttp:log_message] [WARNING]- "GET /static/admin/js/admin/RelatedObjectLookups.js HTTP/1.1" 404 119
2019-05-08 18:37:56,980 [Thread-51:140370374207232] [django.server:124] [basehttp:log_message] [WARNING]- "GET /static/admin/js/actions.min.js HTTP/1.1" 404 104
2019-05-08 18:37:56,984 [Thread-53:140370349029120] [django.server:124] [basehttp:log_message] [WARNING]- "GET /static/admin/js/vendor/xregexp/xregexp.min.js HTTP/1.1" 404 119
2019-05-08 18:37:56,984 [Thread-52:140370357421824] [django.server:124] [basehttp:log_message] [WARNING]- "GET /static/admin/js/urlify.js HTTP/1.1" 404 99
2019-05-08 18:37:56,984 [Thread-54:140370000213760] [django.server:124] [basehttp:log_message] [WARNING]- "GET /static/admin/js/prepopulate.min.js HTTP/1.1" 404 108
2019-05-08 18:37:56,985 [Thread-55:140370374207232] [django.server:124] [basehttp:log_message] [WARNING]- "GET /static/admin/css/responsive.css HTTP/1.1" 404 105
2019-05-08 18:37:56,999 [Thread-46:140370383386368] [django.server:124] [basehttp:log_message] [INFO]- "GET /admin/jsi18n/ HTTP/1.1" 200 7684
2019-05-08 18:37:57,008 [Thread-57:140370357421824] [django.server:124] [basehttp:log_message] [WARNING]- "GET /static/admin/img/icon-yes.svg HTTP/1.1" 404 103
2019-05-08 18:37:57,009 [Thread-58:140370374207232] [django.server:124] [basehttp:log_message] [WARNING]- "GET /static/admin/js/vendor/jquery/jquery.min.js HTTP/1.1" 404 117
2019-05-08 18:37:57,009 [Thread-56:140370383386368] [django.server:124] [basehttp:log_message] [WARNING]- "GET /static/admin/img/search.svg HTTP/1.1" 404 101
2019-05-08 18:37:57,027 [Thread-59:140370383386368] [django.server:124] [basehttp:log_message] [WARNING]- "GET /static/admin/js/jquery.init.js HTTP/1.1" 404 104
2019-05-08 18:37:57,030 [Thread-60:140370383386368] [django.server:124] [basehttp:log_message] [WARNING]- "GET /static/admin/js/core.js HTTP/1.1" 404 97
2019-05-08 18:37:57,037 [Thread-61:140370383386368] [django.server:124] [basehttp:log_message] [WARNING]- "GET /static/admin/js/admin/RelatedObjectLookups.js HTTP/1.1" 404 119
2019-05-08 18:37:57,041 [Thread-62:140370383386368] [django.server:124] [basehttp:log_message] [WARNING]- "GET /static/admin/js/actions.min.js HTTP/1.1" 404 104
2019-05-08 18:37:57,045 [Thread-63:140370383386368] [django.server:124] [basehttp:log_message] [WARNING]- "GET /static/admin/js/urlify.js HTTP/1.1" 404 99
2019-05-08 18:37:57,049 [Thread-64:140370383386368] [django.server:124] [basehttp:log_message] [WARNING]- "GET /static/admin/js/prepopulate.min.js HTTP/1.1" 404 108
2019-05-08 18:37:57,052 [Thread-65:140370383386368] [django.server:124] [basehttp:log_message] [WARNING]- "GET /static/admin/js/vendor/xregexp/xregexp.min.js HTTP/1.1" 404 119
2019-05-08 18:37:57,057 [Thread-66:140370383386368] [django.server:124] [basehttp:log_message] [WARNING]- "GET /static/admin/css/responsive.css HTTP/1.1" 404 105
2019-05-08 18:37:57,061 [Thread-68:140370383386368] [django.server:124] [basehttp:log_message] [WARNING]- "GET /static/admin/img/icon-yes.svg HTTP/1.1" 404 103
2019-05-08 18:37:57,061 [Thread-67:140370374207232] [django.server:124] [basehttp:log_message] [WARNING]- "GET /static/admin/img/search.svg HTTP/1.1" 404 101
2019-05-08 18:38:00,202 [Thread-69:140370374207232] [django.server:124] [basehttp:log_message] [INFO]- "GET /admin/djcelery/periodictask/2/change/ HTTP/1.1" 200 12125
2019-05-08 18:38:00,248 [Thread-70:140370374207232] [django.server:124] [basehttp:log_message] [WARNING]- "GET /static/admin/css/base.css HTTP/1.1" 404 99
2019-05-08 18:38:00,250 [Thread-72:140370357421824] [django.server:124] [basehttp:log_message] [WARNING]- "GET /static/admin/js/vendor/jquery/jquery.min.js HTTP/1.1" 404 117
2019-05-08 18:38:00,255 [Thread-74:140370349029120] [django.server:124] [basehttp:log_message] [WARNING]- "GET /static/admin/js/core.js HTTP/1.1" 404 97
2019-05-08 18:38:00,256 [Thread-73:140370374207232] [django.server:124] [basehttp:log_message] [WARNING]- "GET /static/admin/js/jquery.init.js HTTP/1.1" 404 104
2019-05-08 18:38:00,269 [Thread-75:140370357421824] [django.server:124] [basehttp:log_message] [WARNING]- "GET /static/admin/js/admin/RelatedObjectLookups.js HTTP/1.1" 404 119
2019-05-08 18:38:00,271 [Thread-76:140370391779072] [django.server:124] [basehttp:log_message] [WARNING]- "GET /static/admin/js/actions.min.js HTTP/1.1" 404 104
2019-05-08 18:38:00,277 [Thread-77:140370365814528] [django.server:124] [basehttp:log_message] [WARNING]- "GET /static/admin/js/prepopulate.min.js HTTP/1.1" 404 108
2019-05-08 18:38:00,280 [Thread-78:140370374207232] [django.server:124] [basehttp:log_message] [WARNING]- "GET /static/admin/js/collapse.min.js HTTP/1.1" 404 105
2019-05-08 18:38:00,282 [Thread-79:140370349029120] [django.server:124] [basehttp:log_message] [WARNING]- "GET /static/admin/css/forms.css HTTP/1.1" 404 100
2019-05-08 18:38:00,286 [Thread-71:140370383386368] [django.server:124] [basehttp:log_message] [INFO]- "GET /admin/jsi18n/ HTTP/1.1" 200 7684
2019-05-08 18:38:00,288 [Thread-81:140370357421824] [django.server:124] [basehttp:log_message] [WARNING]- "GET /static/admin/js/calendar.js HTTP/1.1" 404 101
2019-05-08 18:38:00,290 [Thread-82:140370349029120] [django.server:124] [basehttp:log_message] [WARNING]- "GET /static/admin/js/prepopulate_init.js HTTP/1.1" 404 109
2019-05-08 18:38:00,293 [Thread-83:140370391779072] [django.server:124] [basehttp:log_message] [WARNING]- "GET /static/admin/js/admin/DateTimeShortcuts.js HTTP/1.1" 404 116
2019-05-08 18:38:00,295 [Thread-80:140370365814528] [django.server:124] [basehttp:log_message] [WARNING]- "GET /static/admin/js/change_form.js HTTP/1.1" 404 104
2019-05-08 18:38:00,306 [Thread-84:140370374207232] [django.server:124] [basehttp:log_message] [WARNING]- "GET /static/admin/js/vendor/xregexp/xregexp.min.js HTTP/1.1" 404 119
2019-05-08 18:38:00,312 [Thread-85:140370365814528] [django.server:124] [basehttp:log_message] [WARNING]- "GET /static/admin/css/responsive.css HTTP/1.1" 404 105
2019-05-08 18:38:00,313 [Thread-87:140370357421824] [django.server:124] [basehttp:log_message] [WARNING]- "GET /static/admin/js/vendor/jquery/jquery.min.js HTTP/1.1" 404 117
2019-05-08 18:38:00,313 [Thread-86:140370374207232] [django.server:124] [basehttp:log_message] [WARNING]- "GET /static/admin/js/urlify.js HTTP/1.1" 404 99
2019-05-08 18:38:00,315 [Thread-88:140370374207232] [django.server:124] [basehttp:log_message] [WARNING]- "GET /static/admin/img/icon-changelink.svg HTTP/1.1" 404 110
2019-05-08 18:38:00,316 [Thread-89:140370374207232] [django.server:124] [basehttp:log_message] [WARNING]- "GET /static/admin/img/icon-addlink.svg HTTP/1.1" 404 107
2019-05-08 18:38:00,318 [Thread-90:140370374207232] [django.server:124] [basehttp:log_message] [WARNING]- "GET /static/admin/js/jquery.init.js HTTP/1.1" 404 104
2019-05-08 18:38:00,321 [Thread-91:140370374207232] [django.server:124] [basehttp:log_message] [WARNING]- "GET /static/admin/js/core.js HTTP/1.1" 404 97
2019-05-08 18:38:00,328 [Thread-92:140370374207232] [django.server:124] [basehttp:log_message] [WARNING]- "GET /static/admin/js/admin/RelatedObjectLookups.js HTTP/1.1" 404 119
2019-05-08 18:38:00,339 [Thread-93:140370374207232] [django.server:124] [basehttp:log_message] [WARNING]- "GET /static/admin/js/actions.min.js HTTP/1.1" 404 104
2019-05-08 18:38:00,345 [Thread-94:140370374207232] [django.server:124] [basehttp:log_message] [WARNING]- "GET /static/admin/js/urlify.js HTTP/1.1" 404 99
2019-05-08 18:38:00,349 [Thread-95:140370374207232] [django.server:124] [basehttp:log_message] [WARNING]- "GET /static/admin/js/prepopulate.min.js HTTP/1.1" 404 108
2019-05-08 18:38:00,352 [Thread-96:140370374207232] [django.server:124] [basehttp:log_message] [WARNING]- "GET /static/admin/js/vendor/xregexp/xregexp.min.js HTTP/1.1" 404 119
2019-05-08 18:38:00,355 [Thread-97:140370374207232] [django.server:124] [basehttp:log_message] [WARNING]- "GET /static/admin/js/calendar.js HTTP/1.1" 404 101
2019-05-08 18:38:00,359 [Thread-98:140370374207232] [django.server:124] [basehttp:log_message] [WARNING]- "GET /static/admin/js/admin/DateTimeShortcuts.js HTTP/1.1" 404 116
2019-05-08 18:38:00,362 [Thread-99:140370374207232] [django.server:124] [basehttp:log_message] [WARNING]- "GET /static/admin/js/collapse.min.js HTTP/1.1" 404 105
2019-05-08 18:38:00,369 [Thread-100:140370374207232] [django.server:124] [basehttp:log_message] [WARNING]- "GET /static/admin/css/responsive.css HTTP/1.1" 404 105
2019-05-08 18:38:00,370 [Thread-101:140370374207232] [django.server:124] [basehttp:log_message] [WARNING]- "GET /static/admin/img/icon-addlink.svg HTTP/1.1" 404 107
2019-05-08 18:38:00,375 [Thread-103:140370374207232] [django.server:124] [basehttp:log_message] [WARNING]- "GET /static/admin/js/change_form.js HTTP/1.1" 404 104
2019-05-08 18:38:00,375 [Thread-102:140370357421824] [django.server:124] [basehttp:log_message] [WARNING]- "GET /static/admin/img/icon-changelink.svg HTTP/1.1" 404 110
2019-05-08 18:38:00,435 [Thread-104:140370374207232] [django.server:124] [basehttp:log_message] [WARNING]- "GET /static/admin/js/prepopulate_init.js HTTP/1.1" 404 109
2019-05-08 20:31:03,503 [Thread-1:139901089105664] [django.server:124] [basehttp:log_message] [INFO]- "GET / HTTP/1.1" 200 168
2019-05-08 20:31:14,904 [Thread-3:139901089105664] [django.server:124] [basehttp:log_message] [INFO]- "GET / HTTP/1.1" 200 168
2019-05-08 20:31:58,038 [Thread-4:139901089105664] [django.server:124] [basehttp:log_message] [INFO]- "GET / HTTP/1.1" 200 168
2019-05-08 20:32:22,424 [Thread-5:139901089105664] [django.server:124] [basehttp:log_message] [INFO]- "GET / HTTP/1.1" 200 168
2019-05-08 20:35:13,304 [Thread-1:140658165675776] [django.server:124] [basehttp:log_message] [INFO]- "GET / HTTP/1.1" 200 168
2019-05-08 20:42:02,424 [Thread-1:140386233145088] [django.server:124] [basehttp:log_message] [INFO]- "GET / HTTP/1.1" 200 168
2019-05-08 20:42:44,262 [Thread-1:139887418201856] [django.server:124] [basehttp:log_message] [INFO]- "GET / HTTP/1.1" 200 168
2019-05-08 20:52:17,382 [Thread-3:139887418201856] [django.server:124] [basehttp:log_message] [INFO]- "GET /admin/ HTTP/1.1" 200 6100
2019-05-08 20:52:17,416 [Thread-4:139887418201856] [django.server:124] [basehttp:log_message] [WARNING]- "GET /static/admin/css/base.css HTTP/1.1" 404 99
2019-05-08 20:52:17,419 [Thread-5:139887418201856] [django.server:124] [basehttp:log_message] [WARNING]- "GET /static/admin/css/dashboard.css HTTP/1.1" 404 104
2019-05-08 20:52:17,419 [Thread-6:139887408760576] [django.server:124] [basehttp:log_message] [WARNING]- "GET /static/admin/css/responsive.css HTTP/1.1" 404 105
2019-05-08 20:52:22,521 [Thread-7:139887408760576] [django.server:124] [basehttp:log_message] [INFO]- "GET /admin/djcelery/periodictask/ HTTP/1.1" 200 7225
2019-05-08 20:52:22,544 [Thread-8:139887408760576] [django.server:124] [basehttp:log_message] [WARNING]- "GET /static/admin/css/base.css HTTP/1.1" 404 99
2019-05-08 20:52:22,547 [Thread-9:139887418201856] [django.server:124] [basehttp:log_message] [WARNING]- "GET /static/admin/css/responsive.css HTTP/1.1" 404 105
2019-05-08 20:52:22,559 [Thread-11:139887408760576] [django.server:124] [basehttp:log_message] [WARNING]- "GET /static/admin/css/changelists.css HTTP/1.1" 404 106
2019-05-08 20:52:22,567 [Thread-12:139887399581440] [django.server:124] [basehttp:log_message] [WARNING]- "GET /static/admin/js/vendor/jquery/jquery.min.js HTTP/1.1" 404 117
2019-05-08 20:52:22,573 [Thread-13:139887391188736] [django.server:124] [basehttp:log_message] [WARNING]- "GET /static/admin/js/jquery.init.js HTTP/1.1" 404 104
2019-05-08 20:52:22,577 [Thread-15:139887374403328] [django.server:124] [basehttp:log_message] [WARNING]- "GET /static/admin/js/admin/RelatedObjectLookups.js HTTP/1.1" 404 119
2019-05-08 20:52:22,585 [Thread-14:139887382796032] [django.server:124] [basehttp:log_message] [WARNING]- "GET /static/admin/js/core.js HTTP/1.1" 404 97
2019-05-08 20:52:22,585 [Thread-16:139887408760576] [django.server:124] [basehttp:log_message] [WARNING]- "GET /static/admin/js/urlify.js HTTP/1.1" 404 99
2019-05-08 20:52:22,586 [Thread-10:139887418201856] [django.server:124] [basehttp:log_message] [INFO]- "GET /admin/jsi18n/ HTTP/1.1" 200 7684
2019-05-08 20:52:22,587 [Thread-17:139887399581440] [django.server:124] [basehttp:log_message] [WARNING]- "GET /static/admin/js/vendor/xregexp/xregexp.min.js HTTP/1.1" 404 119
2019-05-08 20:52:22,589 [Thread-19:139887374403328] [django.server:124] [basehttp:log_message] [WARNING]- "GET /static/admin/js/actions.min.js HTTP/1.1" 404 104
2019-05-08 20:52:22,590 [Thread-18:139887391188736] [django.server:124] [basehttp:log_message] [WARNING]- "GET /static/admin/js/prepopulate.min.js HTTP/1.1" 404 108
2019-05-08 20:52:22,598 [Thread-20:139887391188736] [django.server:124] [basehttp:log_message] [WARNING]- "GET /static/admin/img/icon-yes.svg HTTP/1.1" 404 103
2019-05-08 20:52:22,598 [Thread-21:139887374403328] [django.server:124] [basehttp:log_message] [WARNING]- "GET /static/admin/img/search.svg HTTP/1.1" 404 101
2019-05-08 20:52:22,600 [Thread-22:139887399581440] [django.server:124] [basehttp:log_message] [WARNING]- "GET /static/admin/js/vendor/jquery/jquery.min.js HTTP/1.1" 404 117
2019-05-08 20:52:22,604 [Thread-23:139887399581440] [django.server:124] [basehttp:log_message] [WARNING]- "GET /static/admin/js/jquery.init.js HTTP/1.1" 404 104
2019-05-08 20:52:22,609 [Thread-24:139887399581440] [django.server:124] [basehttp:log_message] [WARNING]- "GET /static/admin/js/core.js HTTP/1.1" 404 97
2019-05-08 20:52:22,619 [Thread-25:139887399581440] [django.server:124] [basehttp:log_message] [WARNING]- "GET /static/admin/js/admin/RelatedObjectLookups.js HTTP/1.1" 404 119
2019-05-08 20:52:22,623 [Thread-26:139887399581440] [django.server:124] [basehttp:log_message] [WARNING]- "GET /static/admin/js/actions.min.js HTTP/1.1" 404 104
2019-05-08 20:52:22,628 [Thread-27:139887399581440] [django.server:124] [basehttp:log_message] [WARNING]- "GET /static/admin/js/urlify.js HTTP/1.1" 404 99
2019-05-08 20:52:22,632 [Thread-28:139887399581440] [django.server:124] [basehttp:log_message] [WARNING]- "GET /static/admin/js/prepopulate.min.js HTTP/1.1" 404 108
2019-05-08 20:52:22,637 [Thread-29:139887399581440] [django.server:124] [basehttp:log_message] [WARNING]- "GET /static/admin/js/vendor/xregexp/xregexp.min.js HTTP/1.1" 404 119
2019-05-08 20:52:22,641 [Thread-30:139887399581440] [django.server:124] [basehttp:log_message] [WARNING]- "GET /static/admin/css/responsive.css HTTP/1.1" 404 105
2019-05-08 20:52:22,646 [Thread-31:139887399581440] [django.server:124] [basehttp:log_message] [WARNING]- "GET /static/admin/img/icon-yes.svg HTTP/1.1" 404 103
2019-05-08 20:52:22,647 [Thread-32:139887374403328] [django.server:124] [basehttp:log_message] [WARNING]- "GET /static/admin/img/search.svg HTTP/1.1" 404 101
2019-05-08 20:52:34,096 [Thread-34:139887374403328] [django.server:124] [basehttp:log_message] [INFO]- "GET /admin/djcelery/ HTTP/1.1" 200 4305
2019-05-08 20:52:34,114 [Thread-35:139887374403328] [django.server:124] [basehttp:log_message] [WARNING]- "GET /static/admin/css/base.css HTTP/1.1" 404 99
2019-05-08 20:52:34,116 [Thread-36:139887399581440] [django.server:124] [basehttp:log_message] [WARNING]- "GET /static/admin/css/dashboard.css HTTP/1.1" 404 104
2019-05-08 20:52:34,118 [Thread-37:139887374403328] [django.server:124] [basehttp:log_message] [WARNING]- "GET /static/admin/css/responsive.css HTTP/1.1" 404 105
2019-05-08 20:52:35,909 [Thread-38:139887374403328] [django.server:124] [basehttp:log_message] [INFO]- "GET /admin/djcelery/crontabschedule/ HTTP/1.1" 200 4447
2019-05-08 20:52:35,926 [Thread-39:139887374403328] [django.server:124] [basehttp:log_message] [WARNING]- "GET /static/admin/css/base.css HTTP/1.1" 404 99
2019-05-08 20:52:35,931 [Thread-43:139887374403328] [django.server:124] [basehttp:log_message] [WARNING]- "GET /static/admin/js/jquery.init.js HTTP/1.1" 404 104
2019-05-08 20:52:35,932 [Thread-41:139887391188736] [django.server:124] [basehttp:log_message] [WARNING]- "GET /static/admin/css/changelists.css HTTP/1.1" 404 106
2019-05-08 20:52:35,932 [Thread-42:139887418201856] [django.server:124] [basehttp:log_message] [WARNING]- "GET /static/admin/js/core.js HTTP/1.1" 404 97
2019-05-08 20:52:35,946 [Thread-45:139887366010624] [django.server:124] [basehttp:log_message] [WARNING]- "GET /static/admin/js/admin/RelatedObjectLookups.js HTTP/1.1" 404 119
2019-05-08 20:52:35,952 [Thread-44:139887382796032] [django.server:124] [basehttp:log_message] [WARNING]- "GET /static/admin/js/vendor/jquery/jquery.min.js HTTP/1.1" 404 117
2019-05-08 20:52:35,953 [Thread-46:139887374403328] [django.server:124] [basehttp:log_message] [WARNING]- "GET /static/admin/js/vendor/xregexp/xregexp.min.js HTTP/1.1" 404 119
2019-05-08 20:52:35,955 [Thread-48:139887418201856] [django.server:124] [basehttp:log_message] [WARNING]- "GET /static/admin/js/actions.min.js HTTP/1.1" 404 104
2019-05-08 20:52:35,956 [Thread-40:139887399581440] [django.server:124] [basehttp:log_message] [INFO]- "GET /admin/jsi18n/ HTTP/1.1" 200 7684
2019-05-08 20:52:35,958 [Thread-47:139887017719552] [django.server:124] [basehttp:log_message] [WARNING]- "GET /static/admin/css/responsive.css HTTP/1.1" 404 105
2019-05-08 20:52:35,958 [Thread-49:139887366010624] [django.server:124] [basehttp:log_message] [WARNING]- "GET /static/admin/js/prepopulate.min.js HTTP/1.1" 404 108
2019-05-08 20:52:35,962 [Thread-50:139887382796032] [django.server:124] [basehttp:log_message] [WARNING]- "GET /static/admin/js/urlify.js HTTP/1.1" 404 99
2019-05-08 20:52:35,966 [Thread-51:139887382796032] [django.server:124] [basehttp:log_message] [WARNING]- "GET /static/admin/js/vendor/jquery/jquery.min.js HTTP/1.1" 404 117
2019-05-08 20:52:35,978 [Thread-52:139887382796032] [django.server:124] [basehttp:log_message] [WARNING]- "GET /static/admin/js/jquery.init.js HTTP/1.1" 404 104
2019-05-08 20:52:35,983 [Thread-53:139887382796032] [django.server:124] [basehttp:log_message] [WARNING]- "GET /static/admin/js/core.js HTTP/1.1" 404 97
2019-05-08 20:52:35,989 [Thread-54:139887382796032] [django.server:124] [basehttp:log_message] [WARNING]- "GET /static/admin/js/admin/RelatedObjectLookups.js HTTP/1.1" 404 119
2019-05-08 20:52:35,996 [Thread-55:139887382796032] [django.server:124] [basehttp:log_message] [WARNING]- "GET /static/admin/js/actions.min.js HTTP/1.1" 404 104
2019-05-08 20:52:36,000 [Thread-56:139887382796032] [django.server:124] [basehttp:log_message] [WARNING]- "GET /static/admin/js/urlify.js HTTP/1.1" 404 99
2019-05-08 20:52:36,005 [Thread-57:139887382796032] [django.server:124] [basehttp:log_message] [WARNING]- "GET /static/admin/js/prepopulate.min.js HTTP/1.1" 404 108
2019-05-08 20:52:36,009 [Thread-58:139887382796032] [django.server:124] [basehttp:log_message] [WARNING]- "GET /static/admin/js/vendor/xregexp/xregexp.min.js HTTP/1.1" 404 119
2019-05-08 20:52:36,013 [Thread-59:139887382796032] [django.server:124] [basehttp:log_message] [WARNING]- "GET /static/admin/css/responsive.css HTTP/1.1" 404 105
2019-05-08 20:52:42,305 [Thread-60:139887382796032] [django.server:124] [basehttp:log_message] [INFO]- "GET /admin/djcelery/ HTTP/1.1" 200 4305
2019-05-08 20:52:42,323 [Thread-61:139887382796032] [django.server:124] [basehttp:log_message] [WARNING]- "GET /static/admin/css/base.css HTTP/1.1" 404 99
2019-05-08 20:52:42,326 [Thread-63:139887017719552] [django.server:124] [basehttp:log_message] [WARNING]- "GET /static/admin/css/responsive.css HTTP/1.1" 404 105
2019-05-08 20:52:42,328 [Thread-62:139887399581440] [django.server:124] [basehttp:log_message] [WARNING]- "GET /static/admin/css/dashboard.css HTTP/1.1" 404 104
2019-05-08 20:52:44,339 [Thread-64:139887399581440] [django.server:124] [basehttp:log_message] [INFO]- "GET /admin/djcelery/taskstate/ HTTP/1.1" 200 6068
2019-05-08 20:52:44,365 [Thread-65:139887399581440] [django.server:124] [basehttp:log_message] [WARNING]- "GET /static/admin/css/base.css HTTP/1.1" 404 99
2019-05-08 20:52:44,367 [Thread-66:139887399581440] [django.server:124] [basehttp:log_message] [WARNING]- "GET /static/admin/css/changelists.css HTTP/1.1" 404 106
2019-05-08 20:52:44,373 [Thread-69:139887382796032] [django.server:124] [basehttp:log_message] [WARNING]- "GET /static/admin/js/jquery.init.js HTTP/1.1" 404 104
2019-05-08 20:52:44,373 [Thread-68:139887399581440] [django.server:124] [basehttp:log_message] [WARNING]- "GET /static/admin/js/vendor/jquery/jquery.min.js HTTP/1.1" 404 117
2019-05-08 20:52:44,376 [Thread-70:139887366010624] [django.server:124] [basehttp:log_message] [WARNING]- "GET /static/admin/js/actions.min.js HTTP/1.1" 404 104
2019-05-08 20:52:44,381 [Thread-71:139887366010624] [django.server:124] [basehttp:log_message] [WARNING]- "GET /static/admin/js/admin/RelatedObjectLookups.js HTTP/1.1" 404 119
2019-05-08 20:52:44,391 [Thread-74:139887366010624] [django.server:124] [basehttp:log_message] [WARNING]- "GET /static/admin/js/vendor/xregexp/xregexp.min.js HTTP/1.1" 404 119
2019-05-08 20:52:44,392 [Thread-73:139887382796032] [django.server:124] [basehttp:log_message] [WARNING]- "GET /static/admin/js/prepopulate.min.js HTTP/1.1" 404 108
2019-05-08 20:52:44,392 [Thread-72:139887399581440] [django.server:124] [basehttp:log_message] [WARNING]- "GET /static/admin/js/core.js HTTP/1.1" 404 97
2019-05-08 20:52:44,395 [Thread-67:139887017719552] [django.server:124] [basehttp:log_message] [INFO]- "GET /admin/jsi18n/ HTTP/1.1" 200 7684
2019-05-08 20:52:44,399 [Thread-75:139887366010624] [django.server:124] [basehttp:log_message] [WARNING]- "GET /static/admin/js/urlify.js HTTP/1.1" 404 99
2019-05-08 20:52:44,403 [Thread-76:139887366010624] [django.server:124] [basehttp:log_message] [WARNING]- "GET /static/djcelery/style.css HTTP/1.1" 404 99
2019-05-08 20:52:44,405 [Thread-77:139887399581440] [django.server:124] [basehttp:log_message] [WARNING]- "GET /static/admin/css/responsive.css HTTP/1.1" 404 105
2019-05-08 20:52:44,406 [Thread-78:139887366010624] [django.server:124] [basehttp:log_message] [WARNING]- "GET /static/admin/img/search.svg HTTP/1.1" 404 101
2019-05-08 20:52:44,410 [Thread-79:139887366010624] [django.server:124] [basehttp:log_message] [WARNING]- "GET /static/admin/js/vendor/jquery/jquery.min.js HTTP/1.1" 404 117
2019-05-08 20:52:44,415 [Thread-80:139887366010624] [django.server:124] [basehttp:log_message] [WARNING]- "GET /static/admin/js/jquery.init.js HTTP/1.1" 404 104
2019-05-08 20:52:44,420 [Thread-81:139887366010624] [django.server:124] [basehttp:log_message] [WARNING]- "GET /static/admin/js/core.js HTTP/1.1" 404 97
2019-05-08 20:52:44,423 [Thread-82:139887366010624] [django.server:124] [basehttp:log_message] [WARNING]- "GET /static/admin/js/admin/RelatedObjectLookups.js HTTP/1.1" 404 119
2019-05-08 20:52:44,427 [Thread-83:139887366010624] [django.server:124] [basehttp:log_message] [WARNING]- "GET /static/admin/js/actions.min.js HTTP/1.1" 404 104
2019-05-08 20:52:44,436 [Thread-84:139887366010624] [django.server:124] [basehttp:log_message] [WARNING]- "GET /static/admin/js/urlify.js HTTP/1.1" 404 99
2019-05-08 20:52:44,440 [Thread-85:139887366010624] [django.server:124] [basehttp:log_message] [WARNING]- "GET /static/admin/js/prepopulate.min.js HTTP/1.1" 404 108
2019-05-08 20:52:44,445 [Thread-86:139887366010624] [django.server:124] [basehttp:log_message] [WARNING]- "GET /static/admin/js/vendor/xregexp/xregexp.min.js HTTP/1.1" 404 119
2019-05-08 20:52:44,451 [Thread-87:139887366010624] [django.server:124] [basehttp:log_message] [WARNING]- "GET /static/admin/css/responsive.css HTTP/1.1" 404 105
2019-05-08 20:52:44,453 [Thread-88:139887399581440] [django.server:124] [basehttp:log_message] [WARNING]- "GET /static/admin/img/search.svg HTTP/1.1" 404 101
2019-05-08 20:52:49,052 [Thread-89:139887399581440] [django.server:124] [basehttp:log_message] [INFO]- "GET /admin/djcelery/ HTTP/1.1" 200 4305
2019-05-08 20:52:49,070 [Thread-90:139887399581440] [django.server:124] [basehttp:log_message] [WARNING]- "GET /static/admin/css/base.css HTTP/1.1" 404 99
2019-05-08 20:52:49,075 [Thread-91:139887399581440] [django.server:124] [basehttp:log_message] [WARNING]- "GET /static/admin/css/dashboard.css HTTP/1.1" 404 104
2019-05-08 20:52:49,075 [Thread-92:139887366010624] [django.server:124] [basehttp:log_message] [WARNING]- "GET /static/admin/css/responsive.css HTTP/1.1" 404 105
2019-05-08 20:56:29,520 [Thread-1:140192295941888] [django.server:124] [basehttp:log_message] [INFO]- "GET /admin/djcelery/ HTTP/1.1" 200 4305
2019-05-08 20:56:29,550 [Thread-3:140192295941888] [django.server:124] [basehttp:log_message] [WARNING]- "GET /static/admin/css/base.css HTTP/1.1" 404 99
2019-05-08 20:56:29,553 [Thread-4:140192287549184] [django.server:124] [basehttp:log_message] [WARNING]- "GET /static/admin/css/dashboard.css HTTP/1.1" 404 104
2019-05-08 20:56:29,553 [Thread-5:140192295941888] [django.server:124] [basehttp:log_message] [WARNING]- "GET /static/admin/css/responsive.css HTTP/1.1" 404 105
2019-05-08 20:56:32,674 [Thread-6:140192295941888] [django.server:124] [basehttp:log_message] [INFO]- "GET /admin/djcelery/crontabschedule/ HTTP/1.1" 200 4447
2019-05-08 20:56:32,702 [Thread-8:140192287549184] [django.server:124] [basehttp:log_message] [WARNING]- "GET /static/admin/css/changelists.css HTTP/1.1" 404 106
2019-05-08 20:56:32,704 [Thread-7:140192295941888] [django.server:124] [basehttp:log_message] [WARNING]- "GET /static/admin/css/base.css HTTP/1.1" 404 99
2019-05-08 20:56:32,704 [Thread-10:140192270763776] [django.server:124] [basehttp:log_message] [WARNING]- "GET /static/admin/js/vendor/jquery/jquery.min.js HTTP/1.1" 404 117
2019-05-08 20:56:32,706 [Thread-11:140192262371072] [django.server:124] [basehttp:log_message] [WARNING]- "GET /static/admin/js/jquery.init.js HTTP/1.1" 404 104
2019-05-08 20:56:32,708 [Thread-12:140192253978368] [django.server:124] [basehttp:log_message] [WARNING]- "GET /static/admin/js/core.js HTTP/1.1" 404 97
2019-05-08 20:56:32,709 [Thread-13:140192287549184] [django.server:124] [basehttp:log_message] [WARNING]- "GET /static/admin/js/actions.min.js HTTP/1.1" 404 104
2019-05-08 20:56:32,716 [Thread-14:140192287549184] [django.server:124] [basehttp:log_message] [WARNING]- "GET /static/admin/js/vendor/xregexp/xregexp.min.js HTTP/1.1" 404 119
2019-05-08 20:56:32,720 [Thread-15:140192253978368] [django.server:124] [basehttp:log_message] [WARNING]- "GET /static/admin/css/responsive.css HTTP/1.1" 404 105
2019-05-08 20:56:32,729 [Thread-9:140192279156480] [django.server:124] [basehttp:log_message] [INFO]- "GET /admin/jsi18n/ HTTP/1.1" 200 7684
2019-05-08 20:56:32,730 [Thread-17:140192253978368] [django.server:124] [basehttp:log_message] [WARNING]- "GET /static/admin/js/admin/RelatedObjectLookups.js HTTP/1.1" 404 119
2019-05-08 20:56:32,730 [Thread-16:140192287549184] [django.server:124] [basehttp:log_message] [WARNING]- "GET /static/admin/js/urlify.js HTTP/1.1" 404 99
2019-05-08 20:56:32,731 [Thread-18:140192295941888] [django.server:124] [basehttp:log_message] [WARNING]- "GET /static/admin/js/prepopulate.min.js HTTP/1.1" 404 108
2019-05-08 20:56:32,736 [Thread-19:140192295941888] [django.server:124] [basehttp:log_message] [WARNING]- "GET /static/admin/js/vendor/jquery/jquery.min.js HTTP/1.1" 404 117
2019-05-08 20:56:32,740 [Thread-20:140192295941888] [django.server:124] [basehttp:log_message] [WARNING]- "GET /static/admin/js/jquery.init.js HTTP/1.1" 404 104
2019-05-08 20:56:32,746 [Thread-21:140192295941888] [django.server:124] [basehttp:log_message] [WARNING]- "GET /static/admin/js/core.js HTTP/1.1" 404 97
2019-05-08 20:56:32,750 [Thread-22:140192295941888] [django.server:124] [basehttp:log_message] [WARNING]- "GET /static/admin/js/admin/RelatedObjectLookups.js HTTP/1.1" 404 119
2019-05-08 20:56:32,756 [Thread-23:140192295941888] [django.server:124] [basehttp:log_message] [WARNING]- "GET /static/admin/js/actions.min.js HTTP/1.1" 404 104
2019-05-08 20:56:32,760 [Thread-24:140192295941888] [django.server:124] [basehttp:log_message] [WARNING]- "GET /static/admin/js/urlify.js HTTP/1.1" 404 99
2019-05-08 20:56:32,767 [Thread-25:140192295941888] [django.server:124] [basehttp:log_message] [WARNING]- "GET /static/admin/js/prepopulate.min.js HTTP/1.1" 404 108
2019-05-08 20:56:32,773 [Thread-26:140192295941888] [django.server:124] [basehttp:log_message] [WARNING]- "GET /static/admin/js/vendor/xregexp/xregexp.min.js HTTP/1.1" 404 119
2019-05-08 20:56:32,776 [Thread-27:140192295941888] [django.server:124] [basehttp:log_message] [WARNING]- "GET /static/admin/css/responsive.css HTTP/1.1" 404 105
2019-05-08 20:56:45,881 [Thread-30:140192295941888] [django.server:124] [basehttp:log_message] [INFO]- "GET /admin/ HTTP/1.1" 200 6100
2019-05-08 20:56:45,897 [Thread-32:140192253978368] [django.server:124] [basehttp:log_message] [WARNING]- "GET /static/admin/css/dashboard.css HTTP/1.1" 404 104
2019-05-08 20:56:45,897 [Thread-31:140192295941888] [django.server:124] [basehttp:log_message] [WARNING]- "GET /static/admin/css/base.css HTTP/1.1" 404 99
2019-05-08 20:56:45,897 [Thread-33:140192287549184] [django.server:124] [basehttp:log_message] [WARNING]- "GET /static/admin/css/responsive.css HTTP/1.1" 404 105
2019-05-08 20:57:00,104 [Thread-36:140192287549184] [django.server:124] [basehttp:log_message] [INFO]- "GET /admin/djcelery/ HTTP/1.1" 200 4305
2019-05-08 20:57:00,122 [Thread-37:140192287549184] [django.server:124] [basehttp:log_message] [WARNING]- "GET /static/admin/css/base.css HTTP/1.1" 404 99
2019-05-08 20:57:00,124 [Thread-38:140192295941888] [django.server:124] [basehttp:log_message] [WARNING]- "GET /static/admin/css/dashboard.css HTTP/1.1" 404 104
2019-05-08 20:57:00,124 [Thread-39:140192253978368] [django.server:124] [basehttp:log_message] [WARNING]- "GET /static/admin/css/responsive.css HTTP/1.1" 404 105
2019-05-08 20:57:04,893 [Thread-40:140192253978368] [django.server:124] [basehttp:log_message] [INFO]- "GET /admin/ HTTP/1.1" 200 6100
2019-05-08 20:57:04,907 [Thread-42:140192295941888] [django.server:124] [basehttp:log_message] [WARNING]- "GET /static/admin/css/dashboard.css HTTP/1.1" 404 104
2019-05-08 20:57:04,909 [Thread-41:140192253978368] [django.server:124] [basehttp:log_message] [WARNING]- "GET /static/admin/css/base.css HTTP/1.1" 404 99
2019-05-08 20:57:04,910 [Thread-43:140192287549184] [django.server:124] [basehttp:log_message] [WARNING]- "GET /static/admin/css/responsive.css HTTP/1.1" 404 105
2019-05-08 20:57:06,821 [Thread-44:140192253978368] [django.server:124] [basehttp:log_message] [INFO]- "GET /admin/djcelery/crontabschedule/ HTTP/1.1" 200 4447
2019-05-08 20:57:06,837 [Thread-45:140192253978368] [django.server:124] [basehttp:log_message] [WARNING]- "GET /static/admin/css/base.css HTTP/1.1" 404 99
2019-05-08 20:57:06,841 [Thread-47:140192287549184] [django.server:124] [basehttp:log_message] [WARNING]- "GET /static/admin/js/core.js HTTP/1.1" 404 97
2019-05-08 20:57:06,842 [Thread-46:140192253978368] [django.server:124] [basehttp:log_message] [WARNING]- "GET /static/admin/css/changelists.css HTTP/1.1" 404 106
2019-05-08 20:57:06,849 [Thread-48:140192287549184] [django.server:124] [basehttp:log_message] [WARNING]- "GET /static/admin/js/jquery.init.js HTTP/1.1" 404 104
2019-05-08 20:57:06,852 [Thread-51:140192279156480] [django.server:124] [basehttp:log_message] [WARNING]- "GET /static/admin/js/admin/RelatedObjectLookups.js HTTP/1.1" 404 119
2019-05-08 20:57:06,852 [Thread-49:140192253978368] [django.server:124] [basehttp:log_message] [WARNING]- "GET /static/admin/js/vendor/jquery/jquery.min.js HTTP/1.1" 404 117
2019-05-08 20:57:06,859 [Thread-52:140192270763776] [django.server:124] [basehttp:log_message] [WARNING]- "GET /static/admin/js/prepopulate.min.js HTTP/1.1" 404 108
2019-05-08 20:57:06,867 [Thread-53:140192279156480] [django.server:124] [basehttp:log_message] [WARNING]- "GET /static/admin/js/vendor/xregexp/xregexp.min.js HTTP/1.1" 404 119
2019-05-08 20:57:06,868 [Thread-54:140192253978368] [django.server:124] [basehttp:log_message] [WARNING]- "GET /static/admin/js/actions.min.js HTTP/1.1" 404 104
2019-05-08 20:57:06,871 [Thread-56:140192287549184] [django.server:124] [basehttp:log_message] [WARNING]- "GET /static/admin/js/urlify.js HTTP/1.1" 404 99
2019-05-08 20:57:06,873 [Thread-50:140192295941888] [django.server:124] [basehttp:log_message] [INFO]- "GET /admin/jsi18n/ HTTP/1.1" 200 7684
2019-05-08 20:57:06,873 [Thread-55:140192270763776] [django.server:124] [basehttp:log_message] [WARNING]- "GET /static/admin/css/responsive.css HTTP/1.1" 404 105
2019-05-08 20:57:06,879 [Thread-57:140192270763776] [django.server:124] [basehttp:log_message] [WARNING]- "GET /static/admin/js/vendor/jquery/jquery.min.js HTTP/1.1" 404 117
2019-05-08 20:57:06,890 [Thread-58:140192270763776] [django.server:124] [basehttp:log_message] [WARNING]- "GET /static/admin/js/jquery.init.js HTTP/1.1" 404 104
2019-05-08 20:57:06,894 [Thread-59:140192270763776] [django.server:124] [basehttp:log_message] [WARNING]- "GET /static/admin/js/core.js HTTP/1.1" 404 97
2019-05-08 20:57:06,900 [Thread-60:140192270763776] [django.server:124] [basehttp:log_message] [WARNING]- "GET /static/admin/js/admin/RelatedObjectLookups.js HTTP/1.1" 404 119
2019-05-08 20:57:06,904 [Thread-61:140192270763776] [django.server:124] [basehttp:log_message] [WARNING]- "GET /static/admin/js/actions.min.js HTTP/1.1" 404 104
2019-05-08 20:57:06,908 [Thread-62:140192270763776] [django.server:124] [basehttp:log_message] [WARNING]- "GET /static/admin/js/urlify.js HTTP/1.1" 404 99
2019-05-08 20:57:06,914 [Thread-63:140192270763776] [django.server:124] [basehttp:log_message] [WARNING]- "GET /static/admin/js/prepopulate.min.js HTTP/1.1" 404 108
2019-05-08 20:57:06,917 [Thread-64:140192270763776] [django.server:124] [basehttp:log_message] [WARNING]- "GET /static/admin/js/vendor/xregexp/xregexp.min.js HTTP/1.1" 404 119
2019-05-08 20:57:06,923 [Thread-65:140192270763776] [django.server:124] [basehttp:log_message] [WARNING]- "GET /static/admin/css/responsive.css HTTP/1.1" 404 105
2019-05-08 20:57:09,479 [Thread-66:140192270763776] [django.server:124] [basehttp:log_message] [INFO]- "GET /admin/djcelery/ HTTP/1.1" 200 4305
2019-05-08 20:57:09,494 [Thread-68:140192295941888] [django.server:124] [basehttp:log_message] [WARNING]- "GET /static/admin/css/base.css HTTP/1.1" 404 99
2019-05-08 20:57:09,496 [Thread-67:140192270763776] [django.server:124] [basehttp:log_message] [WARNING]- "GET /static/admin/css/dashboard.css HTTP/1.1" 404 104
2019-05-08 20:57:09,499 [Thread-69:140192270763776] [django.server:124] [basehttp:log_message] [WARNING]- "GET /static/admin/css/responsive.css HTTP/1.1" 404 105
2019-05-08 20:57:10,526 [Thread-70:140192270763776] [django.server:124] [basehttp:log_message] [INFO]- "GET /admin/ HTTP/1.1" 200 6100
2019-05-08 20:57:10,541 [Thread-71:140192270763776] [django.server:124] [basehttp:log_message] [WARNING]- "GET /static/admin/css/base.css HTTP/1.1" 404 99
2019-05-08 20:57:10,545 [Thread-72:140192270763776] [django.server:124] [basehttp:log_message] [WARNING]- "GET /static/admin/css/dashboard.css HTTP/1.1" 404 104
2019-05-08 20:57:10,547 [Thread-73:140192270763776] [django.server:124] [basehttp:log_message] [WARNING]- "GET /static/admin/css/responsive.css HTTP/1.1" 404 105
2019-05-08 20:57:39,772 [Thread-75:140192270763776] [django.server:124] [basehttp:log_message] [INFO]- "GET / HTTP/1.1" 200 168
2019-05-08 21:03:56,611 [Thread-1:139896236635904] [django.server:124] [basehttp:log_message] [INFO]- "GET / HTTP/1.1" 200 168
2019-05-09 09:03:24,408 [Thread-1:139860278732544] [django.server:124] [basehttp:log_message] [INFO]- "GET / HTTP/1.1" 200 168
2019-05-09 09:03:54,391 [Thread-1:140019119658752] [django.server:124] [basehttp:log_message] [INFO]- "GET / HTTP/1.1" 200 168
2019-05-09 09:03:56,367 [Thread-3:140019119658752] [django.server:124] [basehttp:log_message] [INFO]- "GET / HTTP/1.1" 200 168
2019-05-09 09:03:57,652 [Thread-4:140019119658752] [django.server:124] [basehttp:log_message] [INFO]- "GET / HTTP/1.1" 200 168
2019-05-09 09:08:15,000 [Thread-1:140601546635008] [django.server:124] [basehttp:log_message] [INFO]- "GET / HTTP/1.1" 200 168
2019-05-09 09:09:46,840 [Thread-3:140601546635008] [django.server:124] [basehttp:log_message] [INFO]- "GET / HTTP/1.1" 200 168
